<?xml version="1.0" encoding="UTF-8"?>
<testsuite name="PullRequestRetoTwo" tests="1" skipped="0" failures="0" errors="0" timestamp="2022-10-26T16:26:29" hostname="DESKTOP-D814HGP" time="3.098">
  <properties/>
  <testcase name="DeleteUnknown()" classname="PullRequestRetoTwo" time="3.098"/>
  <system-out><![CDATA[HTTP/1.1 204 No Content
Date: Wed, 26 Oct 2022 16:26:32 GMT
Content-Length: 0
Connection: keep-alive
X-Powered-By: Express
Access-Control-Allow-Origin: *
Etag: W/"2-vyGp6PvFo4RvsFtPoIWeCReyIC8"
Via: 1.1 vegur
CF-Cache-Status: DYNAMIC
Report-To: {"endpoints":[{"url":"https:\/\/a.nel.cloudflare.com\/report\/v3?s=D40%2Ff1ES7FtsBnsPEH6b%2FwLvAYEaW%2BGaX0nY9%2FpO1tlhVKRdKqUEvRjndHpbE0msFb6Q5PFnVI3YWzcGy5tj0iCdQ0jx5Nz%2BYbVEVv%2FJDnO5JMIlNCoFT0EJbg%3D%3D"}],"group":"cf-nel","max_age":604800}
NEL: {"success_fraction":0,"report_to":"cf-nel","max_age":604800}
Server: cloudflare
CF-RAY: 76048de12e5109ae-MIA
]]></system-out>
  <system-err><![CDATA[]]></system-err>
</testsuite>
